<?xml version="1.0" encoding="UTF-8"?>
<!-- Generated by org.testng.reporters.JUnitReportReporter -->
<testsuite hostname="DESKTOP-EKSLII6" failures="0" tests="5" name="testCases.TC003_LoginDDT" time="22.100" errors="0" timestamp="2024-12-01T14:23:45 IST" skipped="0">
  <testcase classname="testCases.TC003_LoginDDT" name="verify_loginDDT" time="2.504"/>
  <testcase classname="testCases.TC003_LoginDDT" name="verify_loginDDT" time="2.810"/>
  <testcase classname="testCases.TC003_LoginDDT" name="verify_loginDDT" time="2.535"/>
  <testcase classname="testCases.TC003_LoginDDT" name="verify_loginDDT" time="2.251"/>
  <testcase classname="testCases.TC003_LoginDDT" name="verify_loginDDT" time="12.000"/>
</testsuite> <!-- testCases.TC003_LoginDDT -->
