<?xml version="1.0" encoding="UTF-8"?>
<!-- Generated by org.testng.reporters.JUnitReportReporter -->
<testsuite hostname="DESKTOP-EKSLII6" failures="0" tests="1" name="testCases.TC002_LoginTest" time="1.571" errors="0" timestamp="2024-12-02T12:29:33 IST" skipped="0">
  <testcase classname="testCases.TC002_LoginTest" name="verify_login" time="1.571"/>
</testsuite> <!-- testCases.TC002_LoginTest -->
