<?xml version="1.0" encoding="UTF-8"?>
<!-- Generated by org.testng.reporters.JUnitReportReporter -->
<testsuite hostname="DESKTOP-EKSLII6" failures="0" tests="1" name="testCases.TC002_LoginTest" time="2.119" errors="0" timestamp="2024-12-02T17:49:46 IST" skipped="0">
  <testcase classname="testCases.TC002_LoginTest" name="verify_login" time="2.119"/>
</testsuite> <!-- testCases.TC002_LoginTest -->
