<?xml version="1.0" encoding="UTF-8"?>
<!-- Generated by org.testng.reporters.JUnitReportReporter -->
<testsuite hostname="DESKTOP-EKSLII6" failures="0" tests="1" name="testCases.TC001_AccountRegistrationTEst" time="3.204" errors="0" timestamp="2024-12-02T17:49:46 IST" skipped="0">
  <testcase classname="testCases.TC001_AccountRegistrationTEst" name="verify_account_registration" time="3.204"/>
</testsuite> <!-- testCases.TC001_AccountRegistrationTEst -->
